# JRE version: OpenJDK Runtime Environment Temurin-21.0.10+7 (21.0.10+7) (build 21.0.10+7-LTS)
# Java VM: OpenJDK 64-Bit Server VM Temurin-21.0.10+7 (21.0.10+7-LTS, mixed mode, sharing, tiered, compressed oops, compressed class ptrs, parallel gc, windows-amd64)
GC Precious Log:
 CardTable entry size: 512
 CPUs: 12 total, 12 available
 Memory: 16085M
 Large Page Support: Disabled
 NUMA Support: Disabled
 Compressed Oops: Enabled (32-bit)
 Alignments: Space 512K, Generation 512K, Heap 2M
 Heap Min Capacity: 100M
 Heap Initial Capacity: 100M
 Heap Max Capacity: 2G
 Pre-touch: Disabled
 Parallel Workers: 10
Heap:
 PSYoungGen      total 9728K, used 9603K [0x00000000d5580000, 0x00000000d6180000, 0x0000000100000000)
  eden space 8192K, 100% used [0x00000000d5580000,0x00000000d5d80000,0x00000000d5d80000)
  from space 1536K, 91% used [0x00000000d5d80000,0x00000000d5ee0e68,0x00000000d5f00000)
  to   space 2048K, 78% used [0x00000000d5f80000,0x00000000d6112c60,0x00000000d6180000)
 ParOldGen       total 83968K, used 83887K [0x0000000080000000, 0x0000000085200000, 0x00000000d5580000)
  object space 83968K, 99% used [0x0000000080000000,0x00000000851ebcb0,0x0000000085200000)
 Metaspace       used 62601K, committed 64064K, reserved 1114112K
  class space    used 6680K, committed 7296K, reserved 1048576K
GC Heap History (20 events):
Event: 8.922 GC heap before
{Heap before GC invocations=119 (full 3):
 PSYoungGen      total 11776K, used 11104K [0x00000000d5580000, 0x00000000d6180000, 0x0000000100000000)
  eden space 10752K, 100% used [0x00000000d5580000,0x00000000d6000000,0x00000000d6000000)
  from space 1024K, 34% used [0x00000000d6000000,0x00000000d6058000,0x00000000d6100000)
  to   space 512K, 0% used [0x00000000d6100000,0x00000000d6100000,0x00000000d6180000)
 ParOldGen       total 74752K, used 74604K [0x0000000080000000, 0x0000000084900000, 0x00000000d5580000)
  object space 74752K, 99% used [0x0000000080000000,0x00000000848db3b8,0x0000000084900000)
 Metaspace       used 60411K, committed 61888K, reserved 1114112K
  class space    used 6441K, committed 7104K, reserved 1048576K
}
Event: 8.923 GC heap after
{Heap after GC invocations=119 (full 3):
 PSYoungGen      total 11264K, used 352K [0x00000000d5580000, 0x00000000d6180000, 0x0000000100000000)
  eden space 10752K, 0% used [0x00000000d5580000,0x00000000d5580000,0x00000000d6000000)
  from space 512K, 68% used [0x00000000d6100000,0x00000000d6158000,0x00000000d6180000)
  to   space 512K, 0% used [0x00000000d6080000,0x00000000d6080000,0x00000000d6100000)
 ParOldGen       total 75264K, used 74876K [0x0000000080000000, 0x0000000084980000, 0x00000000d5580000)
  object space 75264K, 99% used [0x0000000080000000,0x000000008491f3b8,0x0000000084980000)
 Metaspace       used 60411K, committed 61888K, reserved 1114112K
  class space    used 6441K, committed 7104K, reserved 1048576K
}
Event: 8.928 GC heap before
{Heap before GC invocations=120 (full 3):
 PSYoungGen      total 11264K, used 11104K [0x00000000d5580000, 0x00000000d6180000, 0x0000000100000000)
  eden space 10752K, 100% used [0x00000000d5580000,0x00000000d6000000,0x00000000d6000000)
  from space 512K, 68% used [0x00000000d6100000,0x00000000d6158000,0x00000000d6180000)
  to   space 512K, 0% used [0x00000000d6080000,0x00000000d6080000,0x00000000d6100000)
 ParOldGen       total 75264K, used 74876K [0x0000000080000000, 0x0000000084980000, 0x00000000d5580000)
  object space 75264K, 99% used [0x0000000080000000,0x000000008491f3b8,0x0000000084980000)
 Metaspace       used 60411K, committed 61888K, reserved 1114112K
  class space    used 6441K, committed 7104K, reserved 1048576K
}
Event: 8.929 GC heap after
{Heap after GC invocations=120 (full 3):
 PSYoungGen      total 11264K, used 320K [0x00000000d5580000, 0x00000000d6180000, 0x0000000100000000)
  eden space 10752K, 0% used [0x00000000d5580000,0x00000000d5580000,0x00000000d6000000)
  from space 512K, 62% used [0x00000000d6080000,0x00000000d60d0000,0x00000000d6100000)
  to   space 512K, 0% used [0x00000000d6100000,0x00000000d6100000,0x00000000d6180000)
 ParOldGen       total 75264K, used 75060K [0x0000000080000000, 0x0000000084980000, 0x00000000d5580000)
  object space 75264K, 99% used [0x0000000080000000,0x000000008494d3b8,0x0000000084980000)
 Metaspace       used 60411K, committed 61888K, reserved 1114112K
  class space    used 6441K, committed 7104K, reserved 1048576K
}
Event: 8.994 GC heap before
{Heap before GC invocations=121 (full 3):
 PSYoungGen      total 11264K, used 11072K [0x00000000d5580000, 0x00000000d6180000, 0x0000000100000000)
  eden space 10752K, 100% used [0x00000000d5580000,0x00000000d6000000,0x00000000d6000000)
  from space 512K, 62% used [0x00000000d6080000,0x00000000d60d0000,0x00000000d6100000)
  to   space 512K, 0% used [0x00000000d6100000,0x00000000d6100000,0x00000000d6180000)
 ParOldGen       total 75264K, used 75060K [0x0000000080000000, 0x0000000084980000, 0x00000000d5580000)
  object space 75264K, 99% used [0x0000000080000000,0x000000008494d3b8,0x0000000084980000)
 Metaspace       used 61088K, committed 62528K, reserved 1114112K
  class space    used 6528K, committed 7168K, reserved 1048576K
}
Event: 8.996 GC heap after
{Heap after GC invocations=121 (full 3):
 PSYoungGen      total 10752K, used 500K [0x00000000d5580000, 0x00000000d6300000, 0x0000000100000000)
  eden space 10240K, 0% used [0x00000000d5580000,0x00000000d5580000,0x00000000d5f80000)
  from space 512K, 97% used [0x00000000d6100000,0x00000000d617d200,0x00000000d6180000)
  to   space 1536K, 0% used [0x00000000d5f80000,0x00000000d5f80000,0x00000000d6100000)
 ParOldGen       total 76288K, used 75852K [0x0000000080000000, 0x0000000084a80000, 0x00000000d5580000)
  object space 76288K, 99% used [0x0000000080000000,0x0000000084a133d8,0x0000000084a80000)
 Metaspace       used 61088K, committed 62528K, reserved 1114112K
  class space    used 6528K, committed 7168K, reserved 1048576K
}
Event: 9.047 GC heap before
{Heap before GC invocations=122 (full 3):
 PSYoungGen      total 10752K, used 10740K [0x00000000d5580000, 0x00000000d6300000, 0x0000000100000000)
  eden space 10240K, 100% used [0x00000000d5580000,0x00000000d5f80000,0x00000000d5f80000)
  from space 512K, 97% used [0x00000000d6100000,0x00000000d617d200,0x00000000d6180000)
  to   space 1536K, 0% used [0x00000000d5f80000,0x00000000d5f80000,0x00000000d6100000)
 ParOldGen       total 76288K, used 75852K [0x0000000080000000, 0x0000000084a80000, 0x00000000d5580000)
  object space 76288K, 99% used [0x0000000080000000,0x0000000084a133d8,0x0000000084a80000)
 Metaspace       used 61372K, committed 62784K, reserved 1114112K
  class space    used 6554K, committed 7168K, reserved 1048576K
}
Event: 9.050 GC heap after
{Heap after GC invocations=122 (full 3):
 PSYoungGen      total 11264K, used 817K [0x00000000d5580000, 0x00000000d6180000, 0x0000000100000000)
  eden space 10240K, 0% used [0x00000000d5580000,0x00000000d5580000,0x00000000d5f80000)
  from space 1024K, 79% used [0x00000000d5f80000,0x00000000d604c558,0x00000000d6080000)
  to   space 1024K, 0% used [0x00000000d6080000,0x00000000d6080000,0x00000000d6180000)
 ParOldGen       total 76800K, used 76354K [0x0000000080000000, 0x0000000084b00000, 0x00000000d5580000)
  object space 76800K, 99% used [0x0000000080000000,0x0000000084a90a98,0x0000000084b00000)
 Metaspace       used 61372K, committed 62784K, reserved 1114112K
  class space    used 6554K, committed 7168K, reserved 1048576K
}
Event: 9.084 GC heap before
{Heap before GC invocations=123 (full 3):
 PSYoungGen      total 11264K, used 11057K [0x00000000d5580000, 0x00000000d6180000, 0x0000000100000000)
  eden space 10240K, 100% used [0x00000000d5580000,0x00000000d5f80000,0x00000000d5f80000)
  from space 1024K, 79% used [0x00000000d5f80000,0x00000000d604c558,0x00000000d6080000)
  to   space 1024K, 0% used [0x00000000d6080000,0x00000000d6080000,0x00000000d6180000)
 ParOldGen       total 76800K, used 76354K [0x0000000080000000, 0x0000000084b00000, 0x00000000d5580000)
  object space 76800K, 99% used [0x0000000080000000,0x0000000084a90a98,0x0000000084b00000)
 Metaspace       used 61523K, committed 62976K, reserved 1114112K
  class space    used 6566K, committed 7232K, reserved 1048576K
}
Event: 9.086 GC heap after
{Heap after GC invocations=123 (full 3):
 PSYoungGen      total 9216K, used 1023K [0x00000000d5580000, 0x00000000d6580000, 0x0000000100000000)
  eden space 8192K, 0% used [0x00000000d5580000,0x00000000d5580000,0x00000000d5d80000)
  from space 1024K, 99% used [0x00000000d6080000,0x00000000d617ff48,0x00000000d6180000)
  to   space 3072K, 0% used [0x00000000d5d80000,0x00000000d5d80000,0x00000000d6080000)
 ParOldGen       total 77824K, used 77821K [0x0000000080000000, 0x0000000084c00000, 0x00000000d5580000)
  object space 77824K, 99% used [0x0000000080000000,0x0000000084bff678,0x0000000084c00000)
 Metaspace       used 61523K, committed 62976K, reserved 1114112K
  class space    used 6566K, committed 7232K, reserved 1048576K
}
Event: 9.110 GC heap before
{Heap before GC invocations=124 (full 3):
 PSYoungGen      total 9216K, used 9215K [0x00000000d5580000, 0x00000000d6580000, 0x0000000100000000)
  eden space 8192K, 100% used [0x00000000d5580000,0x00000000d5d80000,0x00000000d5d80000)
  from space 1024K, 99% used [0x00000000d6080000,0x00000000d617ff48,0x00000000d6180000)
  to   space 3072K, 0% used [0x00000000d5d80000,0x00000000d5d80000,0x00000000d6080000)
 ParOldGen       total 77824K, used 77821K [0x0000000080000000, 0x0000000084c00000, 0x00000000d5580000)
  object space 77824K, 99% used [0x0000000080000000,0x0000000084bff6d8,0x0000000084c00000)
 Metaspace       used 61722K, committed 63168K, reserved 1114112K
  class space    used 6579K, committed 7232K, reserved 1048576K
}
Event: 9.111 GC heap after
{Heap after GC invocations=124 (full 3):
 PSYoungGen      total 11264K, used 911K [0x00000000d5580000, 0x00000000d6280000, 0x0000000100000000)
  eden space 8192K, 0% used [0x00000000d5580000,0x00000000d5580000,0x00000000d5d80000)
  from space 3072K, 29% used [0x00000000d5d80000,0x00000000d5e63cd0,0x00000000d6080000)
  to   space 1536K, 0% used [0x00000000d6100000,0x00000000d6100000,0x00000000d6280000)
 ParOldGen       total 78848K, used 78835K [0x0000000080000000, 0x0000000084d00000, 0x00000000d5580000)
  object space 78848K, 99% used [0x0000000080000000,0x0000000084cfcce0,0x0000000084d00000)
 Metaspace       used 61722K, committed 63168K, reserved 1114112K
  class space    used 6579K, committed 7232K, reserved 1048576K
}
Event: 9.137 GC heap before
{Heap before GC invocations=125 (full 3):
 PSYoungGen      total 11264K, used 9103K [0x00000000d5580000, 0x00000000d6280000, 0x0000000100000000)
  eden space 8192K, 100% used [0x00000000d5580000,0x00000000d5d80000,0x00000000d5d80000)
  from space 3072K, 29% used [0x00000000d5d80000,0x00000000d5e63cd0,0x00000000d6080000)
  to   space 1536K, 0% used [0x00000000d6100000,0x00000000d6100000,0x00000000d6280000)
 ParOldGen       total 78848K, used 78840K [0x0000000080000000, 0x0000000084d00000, 0x00000000d5580000)
  object space 78848K, 99% used [0x0000000080000000,0x0000000084cfe3d8,0x0000000084d00000)
 Metaspace       used 61924K, committed 63424K, reserved 1114112K
  class space    used 6593K, committed 7232K, reserved 1048576K
}
Event: 9.139 GC heap after
{Heap after GC invocations=125 (full 3):
 PSYoungGen      total 9728K, used 1178K [0x00000000d5580000, 0x00000000d6280000, 0x0000000100000000)
  eden space 8192K, 0% used [0x00000000d5580000,0x00000000d5580000,0x00000000d5d80000)
  from space 1536K, 76% used [0x00000000d6100000,0x00000000d6226838,0x00000000d6280000)
  to   space 1536K, 0% used [0x00000000d5f80000,0x00000000d5f80000,0x00000000d6100000)
 ParOldGen       total 79872K, used 79526K [0x0000000080000000, 0x0000000084e00000, 0x00000000d5580000)
  object space 79872K, 99% used [0x0000000080000000,0x0000000084da9928,0x0000000084e00000)
 Metaspace       used 61924K, committed 63424K, reserved 1114112K
  class space    used 6593K, committed 7232K, reserved 1048576K
}
Event: 9.158 GC heap before
{Heap before GC invocations=126 (full 3):
 PSYoungGen      total 9728K, used 9370K [0x00000000d5580000, 0x00000000d6280000, 0x0000000100000000)
  eden space 8192K, 100% used [0x00000000d5580000,0x00000000d5d80000,0x00000000d5d80000)
  from space 1536K, 76% used [0x00000000d6100000,0x00000000d6226838,0x00000000d6280000)
  to   space 1536K, 0% used [0x00000000d5f80000,0x00000000d5f80000,0x00000000d6100000)
 ParOldGen       total 79872K, used 79526K [0x0000000080000000, 0x0000000084e00000, 0x00000000d5580000)
  object space 79872K, 99% used [0x0000000080000000,0x0000000084da9928,0x0000000084e00000)
 Metaspace       used 61975K, committed 63488K, reserved 1114112K
  class space    used 6597K, committed 7232K, reserved 1048576K
}
Event: 9.160 GC heap after
{Heap after GC invocations=126 (full 3):
 PSYoungGen      total 9728K, used 1203K [0x00000000d5580000, 0x00000000d6180000, 0x0000000100000000)
  eden space 8192K, 0% used [0x00000000d5580000,0x00000000d5580000,0x00000000d5d80000)
  from space 1536K, 78% used [0x00000000d5f80000,0x00000000d60acf68,0x00000000d6100000)
  to   space 512K, 0% used [0x00000000d6100000,0x00000000d6100000,0x00000000d6180000)
 ParOldGen       total 80896K, used 80468K [0x0000000080000000, 0x0000000084f00000, 0x00000000d5580000)
  object space 80896K, 99% used [0x0000000080000000,0x0000000084e950c0,0x0000000084f00000)
 Metaspace       used 61975K, committed 63488K, reserved 1114112K
  class space    used 6597K, committed 7232K, reserved 1048576K
}
Event: 9.201 GC heap before
{Heap before GC invocations=127 (full 3):
 PSYoungGen      total 9728K, used 9395K [0x00000000d5580000, 0x00000000d6180000, 0x0000000100000000)
  eden space 8192K, 100% used [0x00000000d5580000,0x00000000d5d80000,0x00000000d5d80000)
  from space 1536K, 78% used [0x00000000d5f80000,0x00000000d60acf68,0x00000000d6100000)
  to   space 512K, 0% used [0x00000000d6100000,0x00000000d6100000,0x00000000d6180000)
 ParOldGen       total 80896K, used 80468K [0x0000000080000000, 0x0000000084f00000, 0x00000000d5580000)
  object space 80896K, 99% used [0x0000000080000000,0x0000000084e950c0,0x0000000084f00000)
 Metaspace       used 62153K, committed 63616K, reserved 1114112K
  class space    used 6614K, committed 7232K, reserved 1048576K
}
Event: 9.203 GC heap after
{Heap after GC invocations=127 (full 3):
 PSYoungGen      total 8704K, used 512K [0x00000000d5580000, 0x00000000d6380000, 0x0000000100000000)
  eden space 8192K, 0% used [0x00000000d5580000,0x00000000d5580000,0x00000000d5d80000)
  from space 512K, 100% used [0x00000000d6100000,0x00000000d6180000,0x00000000d6180000)
  to   space 3072K, 0% used [0x00000000d5d80000,0x00000000d5d80000,0x00000000d6080000)
 ParOldGen       total 82432K, used 82367K [0x0000000080000000, 0x0000000085080000, 0x00000000d5580000)
  object space 82432K, 99% used [0x0000000080000000,0x000000008506fcf0,0x0000000085080000)
 Metaspace       used 62153K, committed 63616K, reserved 1114112K
  class space    used 6614K, committed 7232K, reserved 1048576K
}
Event: 9.234 GC heap before
{Heap before GC invocations=128 (full 3):
 PSYoungGen      total 8704K, used 8704K [0x00000000d5580000, 0x00000000d6380000, 0x0000000100000000)
  eden space 8192K, 100% used [0x00000000d5580000,0x00000000d5d80000,0x00000000d5d80000)
  from space 512K, 100% used [0x00000000d6100000,0x00000000d6180000,0x00000000d6180000)
  to   space 3072K, 0% used [0x00000000d5d80000,0x00000000d5d80000,0x00000000d6080000)
 ParOldGen       total 82432K, used 82367K [0x0000000080000000, 0x0000000085080000, 0x00000000d5580000)
  object space 82432K, 99% used [0x0000000080000000,0x000000008506fcf0,0x0000000085080000)
 Metaspace       used 62279K, committed 63808K, reserved 1114112K
  class space    used 6629K, committed 7296K, reserved 1048576K
}
Event: 9.236 GC heap after
{Heap after GC invocations=128 (full 3):
 PSYoungGen      total 9728K, used 1411K [0x00000000d5580000, 0x00000000d6180000, 0x0000000100000000)
  eden space 8192K, 0% used [0x00000000d5580000,0x00000000d5580000,0x00000000d5d80000)
  from space 1536K, 91% used [0x00000000d5d80000,0x00000000d5ee0e68,0x00000000d5f00000)
  to   space 2048K, 0% used [0x00000000d5f80000,0x00000000d5f80000,0x00000000d6180000)
 ParOldGen       total 82944K, used 82922K [0x0000000080000000, 0x0000000085100000, 0x00000000d5580000)
  object space 82944K, 99% used [0x0000000080000000,0x00000000850fabd0,0x0000000085100000)
 Metaspace       used 62279K, committed 63808K, reserved 1114112K
  class space    used 6629K, committed 7296K, reserved 1048576K
}

