# JRE version: OpenJDK Runtime Environment Temurin-21.0.10+7 (21.0.10+7) (build 21.0.10+7-LTS)
# Java VM: OpenJDK 64-Bit Server VM Temurin-21.0.10+7 (21.0.10+7-LTS, mixed mode, sharing, tiered, compressed oops, compressed class ptrs, parallel gc, windows-amd64)
GC Precious Log:
 CardTable entry size: 512
 CPUs: 12 total, 12 available
 Memory: 16085M
 Large Page Support: Disabled
 NUMA Support: Disabled
 Compressed Oops: Enabled (32-bit)
 Alignments: Space 512K, Generation 512K, Heap 2M
 Heap Min Capacity: 100M
 Heap Initial Capacity: 100M
 Heap Max Capacity: 2G
 Pre-touch: Disabled
 Parallel Workers: 10
Heap:
 PSYoungGen      total 11264K, used 10638K [0x00000000d5580000, 0x00000000d6400000, 0x0000000100000000)
  eden space 10752K, 95% used [0x00000000d5580000,0x00000000d5f850f8,0x00000000d6000000)
  from space 512K, 73% used [0x00000000d6300000,0x00000000d635e900,0x00000000d6380000)
  to   space 512K, 0% used [0x00000000d6380000,0x00000000d6380000,0x00000000d6400000)
 ParOldGen       total 101888K, used 101801K [0x0000000080000000, 0x0000000086380000, 0x00000000d5580000)
  object space 101888K, 99% used [0x0000000080000000,0x000000008636a520,0x0000000086380000)
 Metaspace       used 74335K, committed 75904K, reserved 1179648K
  class space    used 7897K, committed 8576K, reserved 1048576K
GC Heap History (20 events):
Event: 138.816 GC heap before
{Heap before GC invocations=111 (full 3):
 PSYoungGen      total 14848K, used 14406K [0x00000000d5580000, 0x00000000d6800000, 0x0000000100000000)
  eden space 10752K, 100% used [0x00000000d5580000,0x00000000d6000000,0x00000000d6000000)
  from space 4096K, 89% used [0x00000000d6080000,0x00000000d6411980,0x00000000d6480000)
  to   space 3584K, 0% used [0x00000000d6480000,0x00000000d6480000,0x00000000d6800000)
 ParOldGen       total 94208K, used 94162K [0x0000000080000000, 0x0000000085c00000, 0x00000000d5580000)
  object space 94208K, 99% used [0x0000000080000000,0x0000000085bf4bb8,0x0000000085c00000)
 Metaspace       used 69423K, committed 70976K, reserved 1114112K
  class space    used 7373K, committed 8000K, reserved 1048576K
}
Event: 138.818 GC heap after
{Heap after GC invocations=111 (full 3):
 PSYoungGen      total 13824K, used 2983K [0x00000000d5580000, 0x00000000d6780000, 0x0000000100000000)
  eden space 10752K, 0% used [0x00000000d5580000,0x00000000d5580000,0x00000000d6000000)
  from space 3072K, 97% used [0x00000000d6480000,0x00000000d6769c40,0x00000000d6780000)
  to   space 3584K, 0% used [0x00000000d6080000,0x00000000d6080000,0x00000000d6400000)
 ParOldGen       total 97792K, used 97692K [0x0000000080000000, 0x0000000085f80000, 0x00000000d5580000)
  object space 97792K, 99% used [0x0000000080000000,0x0000000085f670a8,0x0000000085f80000)
 Metaspace       used 69423K, committed 70976K, reserved 1114112K
  class space    used 7373K, committed 8000K, reserved 1048576K
}
Event: 140.399 GC heap before
{Heap before GC invocations=112 (full 3):
 PSYoungGen      total 13824K, used 13433K [0x00000000d5580000, 0x00000000d6780000, 0x0000000100000000)
  eden space 10752K, 97% used [0x00000000d5580000,0x00000000d5fb4a30,0x00000000d6000000)
  from space 3072K, 97% used [0x00000000d6480000,0x00000000d6769c40,0x00000000d6780000)
  to   space 3584K, 0% used [0x00000000d6080000,0x00000000d6080000,0x00000000d6400000)
 ParOldGen       total 97792K, used 97692K [0x0000000080000000, 0x0000000085f80000, 0x00000000d5580000)
  object space 97792K, 99% used [0x0000000080000000,0x0000000085f670a8,0x0000000085f80000)
 Metaspace       used 70010K, committed 71616K, reserved 1114112K
  class space    used 7440K, committed 8128K, reserved 1048576K
}
Event: 140.401 GC heap after
{Heap after GC invocations=112 (full 3):
 PSYoungGen      total 11776K, used 528K [0x00000000d5580000, 0x00000000d6500000, 0x0000000100000000)
  eden space 10752K, 0% used [0x00000000d5580000,0x00000000d5580000,0x00000000d6000000)
  from space 1024K, 51% used [0x00000000d6080000,0x00000000d6104010,0x00000000d6180000)
  to   space 1536K, 0% used [0x00000000d6380000,0x00000000d6380000,0x00000000d6500000)
 ParOldGen       total 100864K, used 100430K [0x0000000080000000, 0x0000000086280000, 0x00000000d5580000)
  object space 100864K, 99% used [0x0000000080000000,0x0000000086213a48,0x0000000086280000)
 Metaspace       used 70010K, committed 71616K, reserved 1114112K
  class space    used 7440K, committed 8128K, reserved 1048576K
}
Event: 140.581 GC heap before
{Heap before GC invocations=113 (full 3):
 PSYoungGen      total 11776K, used 11280K [0x00000000d5580000, 0x00000000d6500000, 0x0000000100000000)
  eden space 10752K, 100% used [0x00000000d5580000,0x00000000d6000000,0x00000000d6000000)
  from space 1024K, 51% used [0x00000000d6080000,0x00000000d6104010,0x00000000d6180000)
  to   space 1536K, 0% used [0x00000000d6380000,0x00000000d6380000,0x00000000d6500000)
 ParOldGen       total 100864K, used 100430K [0x0000000080000000, 0x0000000086280000, 0x00000000d5580000)
  object space 100864K, 99% used [0x0000000080000000,0x0000000086213a48,0x0000000086280000)
 Metaspace       used 70739K, committed 72320K, reserved 1114112K
  class space    used 7511K, committed 8192K, reserved 1048576K
}
Event: 140.582 GC heap after
{Heap after GC invocations=113 (full 3):
 PSYoungGen      total 11264K, used 369K [0x00000000d5580000, 0x00000000d6400000, 0x0000000100000000)
  eden space 10752K, 0% used [0x00000000d5580000,0x00000000d5580000,0x00000000d6000000)
  from space 512K, 72% used [0x00000000d6380000,0x00000000d63dc5a8,0x00000000d6400000)
  to   space 1024K, 0% used [0x00000000d6200000,0x00000000d6200000,0x00000000d6300000)
 ParOldGen       total 100864K, used 100718K [0x0000000080000000, 0x0000000086280000, 0x00000000d5580000)
  object space 100864K, 99% used [0x0000000080000000,0x000000008625ba58,0x0000000086280000)
 Metaspace       used 70739K, committed 72320K, reserved 1114112K
  class space    used 7511K, committed 8192K, reserved 1048576K
}
Event: 140.727 GC heap before
{Heap before GC invocations=114 (full 3):
 PSYoungGen      total 11264K, used 11121K [0x00000000d5580000, 0x00000000d6400000, 0x0000000100000000)
  eden space 10752K, 100% used [0x00000000d5580000,0x00000000d6000000,0x00000000d6000000)
  from space 512K, 72% used [0x00000000d6380000,0x00000000d63dc5a8,0x00000000d6400000)
  to   space 1024K, 0% used [0x00000000d6200000,0x00000000d6200000,0x00000000d6300000)
 ParOldGen       total 100864K, used 100718K [0x0000000080000000, 0x0000000086280000, 0x00000000d5580000)
  object space 100864K, 99% used [0x0000000080000000,0x000000008625ba58,0x0000000086280000)
 Metaspace       used 71987K, committed 73600K, reserved 1114112K
  class space    used 7678K, committed 8384K, reserved 1048576K
}
Event: 140.727 GC heap after
{Heap after GC invocations=114 (full 3):
 PSYoungGen      total 11776K, used 448K [0x00000000d5580000, 0x00000000d6400000, 0x0000000100000000)
  eden space 10752K, 0% used [0x00000000d5580000,0x00000000d5580000,0x00000000d6000000)
  from space 1024K, 43% used [0x00000000d6200000,0x00000000d6270020,0x00000000d6300000)
  to   space 512K, 0% used [0x00000000d6380000,0x00000000d6380000,0x00000000d6400000)
 ParOldGen       total 101376K, used 100920K [0x0000000080000000, 0x0000000086300000, 0x00000000d5580000)
  object space 101376K, 99% used [0x0000000080000000,0x000000008628e000,0x0000000086300000)
 Metaspace       used 71987K, committed 73600K, reserved 1114112K
  class space    used 7678K, committed 8384K, reserved 1048576K
}
Event: 142.265 GC heap before
{Heap before GC invocations=115 (full 3):
 PSYoungGen      total 11776K, used 11200K [0x00000000d5580000, 0x00000000d6400000, 0x0000000100000000)
  eden space 10752K, 100% used [0x00000000d5580000,0x00000000d6000000,0x00000000d6000000)
  from space 1024K, 43% used [0x00000000d6200000,0x00000000d6270020,0x00000000d6300000)
  to   space 512K, 0% used [0x00000000d6380000,0x00000000d6380000,0x00000000d6400000)
 ParOldGen       total 101376K, used 100920K [0x0000000080000000, 0x0000000086300000, 0x00000000d5580000)
  object space 101376K, 99% used [0x0000000080000000,0x000000008628e000,0x0000000086300000)
 Metaspace       used 73201K, committed 74816K, reserved 1179648K
  class space    used 7866K, committed 8576K, reserved 1048576K
}
Event: 142.266 GC heap after
{Heap after GC invocations=115 (full 3):
 PSYoungGen      total 11264K, used 512K [0x00000000d5580000, 0x00000000d6400000, 0x0000000100000000)
  eden space 10752K, 0% used [0x00000000d5580000,0x00000000d5580000,0x00000000d6000000)
  from space 512K, 100% used [0x00000000d6380000,0x00000000d6400000,0x00000000d6400000)
  to   space 1024K, 0% used [0x00000000d6200000,0x00000000d6200000,0x00000000d6300000)
 ParOldGen       total 101376K, used 101168K [0x0000000080000000, 0x0000000086300000, 0x00000000d5580000)
  object space 101376K, 99% used [0x0000000080000000,0x00000000862cc050,0x0000000086300000)
 Metaspace       used 73201K, committed 74816K, reserved 1179648K
  class space    used 7866K, committed 8576K, reserved 1048576K
}
Event: 155.929 GC heap before
{Heap before GC invocations=116 (full 3):
 PSYoungGen      total 11264K, used 11264K [0x00000000d5580000, 0x00000000d6400000, 0x0000000100000000)
  eden space 10752K, 100% used [0x00000000d5580000,0x00000000d6000000,0x00000000d6000000)
  from space 512K, 100% used [0x00000000d6380000,0x00000000d6400000,0x00000000d6400000)
  to   space 1024K, 0% used [0x00000000d6200000,0x00000000d6200000,0x00000000d6300000)
 ParOldGen       total 101376K, used 101168K [0x0000000080000000, 0x0000000086300000, 0x00000000d5580000)
  object space 101376K, 99% used [0x0000000080000000,0x00000000862cc050,0x0000000086300000)
 Metaspace       used 73497K, committed 75072K, reserved 1179648K
  class space    used 7879K, committed 8576K, reserved 1048576K
}
Event: 155.930 GC heap after
{Heap after GC invocations=116 (full 3):
 PSYoungGen      total 11776K, used 433K [0x00000000d5580000, 0x00000000d6400000, 0x0000000100000000)
  eden space 10752K, 0% used [0x00000000d5580000,0x00000000d5580000,0x00000000d6000000)
  from space 1024K, 42% used [0x00000000d6200000,0x00000000d626c4c0,0x00000000d6300000)
  to   space 512K, 0% used [0x00000000d6380000,0x00000000d6380000,0x00000000d6400000)
 ParOldGen       total 101888K, used 101472K [0x0000000080000000, 0x0000000086380000, 0x00000000d5580000)
  object space 101888K, 99% used [0x0000000080000000,0x0000000086318060,0x0000000086380000)
 Metaspace       used 73497K, committed 75072K, reserved 1179648K
  class space    used 7879K, committed 8576K, reserved 1048576K
}
Event: 156.033 GC heap before
{Heap before GC invocations=117 (full 3):
 PSYoungGen      total 11776K, used 11185K [0x00000000d5580000, 0x00000000d6400000, 0x0000000100000000)
  eden space 10752K, 100% used [0x00000000d5580000,0x00000000d6000000,0x00000000d6000000)
  from space 1024K, 42% used [0x00000000d6200000,0x00000000d626c4c0,0x00000000d6300000)
  to   space 512K, 0% used [0x00000000d6380000,0x00000000d6380000,0x00000000d6400000)
 ParOldGen       total 101888K, used 101472K [0x0000000080000000, 0x0000000086380000, 0x00000000d5580000)
  object space 101888K, 99% used [0x0000000080000000,0x0000000086318060,0x0000000086380000)
 Metaspace       used 73577K, committed 75136K, reserved 1179648K
  class space    used 7879K, committed 8576K, reserved 1048576K
}
Event: 156.033 GC heap after
{Heap after GC invocations=117 (full 3):
 PSYoungGen      total 11264K, used 320K [0x00000000d5580000, 0x00000000d6400000, 0x0000000100000000)
  eden space 10752K, 0% used [0x00000000d5580000,0x00000000d5580000,0x00000000d6000000)
  from space 512K, 62% used [0x00000000d6380000,0x00000000d63d0000,0x00000000d6400000)
  to   space 512K, 0% used [0x00000000d6300000,0x00000000d6300000,0x00000000d6380000)
 ParOldGen       total 101888K, used 101544K [0x0000000080000000, 0x0000000086380000, 0x00000000d5580000)
  object space 101888K, 99% used [0x0000000080000000,0x000000008632a060,0x0000000086380000)
 Metaspace       used 73577K, committed 75136K, reserved 1179648K
  class space    used 7879K, committed 8576K, reserved 1048576K
}
Event: 156.139 GC heap before
{Heap before GC invocations=118 (full 3):
 PSYoungGen      total 11264K, used 11072K [0x00000000d5580000, 0x00000000d6400000, 0x0000000100000000)
  eden space 10752K, 100% used [0x00000000d5580000,0x00000000d6000000,0x00000000d6000000)
  from space 512K, 62% used [0x00000000d6380000,0x00000000d63d0000,0x00000000d6400000)
  to   space 512K, 0% used [0x00000000d6300000,0x00000000d6300000,0x00000000d6380000)
 ParOldGen       total 101888K, used 101544K [0x0000000080000000, 0x0000000086380000, 0x00000000d5580000)
  object space 101888K, 99% used [0x0000000080000000,0x000000008632a060,0x0000000086380000)
 Metaspace       used 73714K, committed 75264K, reserved 1179648K
  class space    used 7880K, committed 8576K, reserved 1048576K
}
Event: 156.139 GC heap after
{Heap after GC invocations=118 (full 3):
 PSYoungGen      total 11264K, used 384K [0x00000000d5580000, 0x00000000d6400000, 0x0000000100000000)
  eden space 10752K, 0% used [0x00000000d5580000,0x00000000d5580000,0x00000000d6000000)
  from space 512K, 75% used [0x00000000d6300000,0x00000000d6360000,0x00000000d6380000)
  to   space 512K, 0% used [0x00000000d6380000,0x00000000d6380000,0x00000000d6400000)
 ParOldGen       total 101888K, used 101592K [0x0000000080000000, 0x0000000086380000, 0x00000000d5580000)
  object space 101888K, 99% used [0x0000000080000000,0x0000000086336060,0x0000000086380000)
 Metaspace       used 73714K, committed 75264K, reserved 1179648K
  class space    used 7880K, committed 8576K, reserved 1048576K
}
Event: 157.920 GC heap before
{Heap before GC invocations=119 (full 3):
 PSYoungGen      total 11264K, used 11136K [0x00000000d5580000, 0x00000000d6400000, 0x0000000100000000)
  eden space 10752K, 100% used [0x00000000d5580000,0x00000000d6000000,0x00000000d6000000)
  from space 512K, 75% used [0x00000000d6300000,0x00000000d6360000,0x00000000d6380000)
  to   space 512K, 0% used [0x00000000d6380000,0x00000000d6380000,0x00000000d6400000)
 ParOldGen       total 101888K, used 101592K [0x0000000080000000, 0x0000000086380000, 0x00000000d5580000)
  object space 101888K, 99% used [0x0000000080000000,0x0000000086336060,0x0000000086380000)
 Metaspace       used 73921K, committed 75456K, reserved 1179648K
  class space    used 7894K, committed 8576K, reserved 1048576K
}
Event: 157.921 GC heap after
{Heap after GC invocations=119 (full 3):
 PSYoungGen      total 11264K, used 340K [0x00000000d5580000, 0x00000000d6400000, 0x0000000100000000)
  eden space 10752K, 0% used [0x00000000d5580000,0x00000000d5580000,0x00000000d6000000)
  from space 512K, 66% used [0x00000000d6380000,0x00000000d63d5200,0x00000000d6400000)
  to   space 512K, 0% used [0x00000000d6300000,0x00000000d6300000,0x00000000d6380000)
 ParOldGen       total 101888K, used 101705K [0x0000000080000000, 0x0000000086380000, 0x00000000d5580000)
  object space 101888K, 99% used [0x0000000080000000,0x0000000086352520,0x0000000086380000)
 Metaspace       used 73921K, committed 75456K, reserved 1179648K
  class space    used 7894K, committed 8576K, reserved 1048576K
}
Event: 158.002 GC heap before
{Heap before GC invocations=120 (full 3):
 PSYoungGen      total 11264K, used 11092K [0x00000000d5580000, 0x00000000d6400000, 0x0000000100000000)
  eden space 10752K, 100% used [0x00000000d5580000,0x00000000d6000000,0x00000000d6000000)
  from space 512K, 66% used [0x00000000d6380000,0x00000000d63d5200,0x00000000d6400000)
  to   space 512K, 0% used [0x00000000d6300000,0x00000000d6300000,0x00000000d6380000)
 ParOldGen       total 101888K, used 101705K [0x0000000080000000, 0x0000000086380000, 0x00000000d5580000)
  object space 101888K, 99% used [0x0000000080000000,0x0000000086352520,0x0000000086380000)
 Metaspace       used 74077K, committed 75648K, reserved 1179648K
  class space    used 7895K, committed 8576K, reserved 1048576K
}
Event: 158.002 GC heap after
{Heap after GC invocations=120 (full 3):
 PSYoungGen      total 11264K, used 378K [0x00000000d5580000, 0x00000000d6400000, 0x0000000100000000)
  eden space 10752K, 0% used [0x00000000d5580000,0x00000000d5580000,0x00000000d6000000)
  from space 512K, 73% used [0x00000000d6300000,0x00000000d635e900,0x00000000d6380000)
  to   space 512K, 0% used [0x00000000d6380000,0x00000000d6380000,0x00000000d6400000)
 ParOldGen       total 101888K, used 101801K [0x0000000080000000, 0x0000000086380000, 0x00000000d5580000)
  object space 101888K, 99% used [0x0000000080000000,0x000000008636a520,0x0000000086380000)
 Metaspace       used 74077K, committed 75648K, reserved 1179648K
  class space    used 7895K, committed 8576K, reserved 1048576K
}

